<?xml version="1.0" encoding="UTF-8"?>
<!-- Generated by org.testng.reporters.JUnitXMLReporter -->
<testsuite ignored="2" hostname="Naveen" failures="0" tests="1" name="Default test" time="0.158" errors="0" timestamp="2024-01-24T19:10:33 IST">
  <testcase classname="Bdd_Method.Jsonpath" name="fluentAPI" time="0.103"/>
  <testcase classname="Bdd_Method.Jsonpath" name="parsingOneTime" time="0.0">
    <ignored/>
  </testcase> <!-- parsingOneTime -->
  <testcase classname="Bdd_Method.Jsonpath" name="readingJsonFile" time="0.0">
    <ignored/>
  </testcase> <!-- readingJsonFile -->
</testsuite> <!-- Default test -->
