<?xml version="1.0" encoding="UTF-8"?>
<!-- Generated by org.testng.reporters.JUnitXMLReporter -->
<testsuite ignored="3" hostname="Naveen" failures="0" tests="1" name="Default test" time="0.071" errors="0" timestamp="2024-02-22T19:23:00 IST">
  <testcase classname="Deserialization.deserializationMethod" name="deserial" time="0.01"/>
  <testcase classname="Deserialization.deserializationMethod" name="usingRestAssuredJsonPath" time="0.0">
    <ignored/>
  </testcase> <!-- usingRestAssuredJsonPath -->
  <testcase classname="Deserialization.deserializationMethod" name="deserialization_UsingJaywayJsonPath" time="0.0">
    <ignored/>
  </testcase> <!-- deserialization_UsingJaywayJsonPath -->
  <testcase classname="Deserialization.deserializationMethod" name="deserialization_UsingAsFunction" time="0.0">
    <ignored/>
  </testcase> <!-- deserialization_UsingAsFunction -->
</testsuite> <!-- Default test -->
