<?xml version="1.0" encoding="UTF-8"?>
<testng-results ignored="3" total="4" passed="1" failed="0" skipped="0">
  <reporter-output>
  </reporter-output>
  <suite started-at="2024-02-13T19:39:39 IST" name="Default suite" finished-at="2024-02-13T19:39:43 IST" duration-ms="3976">
    <groups>
    </groups>
    <test started-at="2024-02-13T19:39:39 IST" name="Default test" finished-at="2024-02-13T19:39:43 IST" duration-ms="3976">
      <class name="Deserialization.deserializationMethod">
        <test-method signature="deserialization_UsingAsFunction()[pri:0, instance:Deserialization.deserializationMethod@a2431d0]" started-at="2024-02-13T19:39:39 IST" name="deserialization_UsingAsFunction" finished-at="2024-02-13T19:39:43 IST" duration-ms="3923" status="PASS">
          <reporter-output>
          </reporter-output>
        </test-method> <!-- deserialization_UsingAsFunction -->
      </class> <!-- Deserialization.deserializationMethod -->
    </test> <!-- Default test -->
  </suite> <!-- Default suite -->
</testng-results>
