<?xml version="1.0" encoding="UTF-8"?>
<testng-results ignored="0" total="1" passed="1" failed="0" skipped="0">
  <reporter-output>
  </reporter-output>
  <suite started-at="2024-02-23T18:49:34 IST" name="Default suite" finished-at="2024-02-23T18:49:37 IST" duration-ms="3647">
    <groups>
    </groups>
    <test started-at="2024-02-23T18:49:34 IST" name="Default test" finished-at="2024-02-23T18:49:37 IST" duration-ms="3647">
      <class name="InterviewQuestions.InterviewQns">
        <test-method signature="getReqSpecValueFromCode()[pri:0, instance:InterviewQuestions.InterviewQns@2accdbb5]" started-at="2024-02-23T18:49:34 IST" name="getReqSpecValueFromCode" finished-at="2024-02-23T18:49:37 IST" duration-ms="3597" status="PASS">
          <reporter-output>
          </reporter-output>
        </test-method> <!-- getReqSpecValueFromCode -->
      </class> <!-- InterviewQuestions.InterviewQns -->
    </test> <!-- Default test -->
  </suite> <!-- Default suite -->
</testng-results>
